#2026 04 30 05:07:03.185#Z#DEBUG#48966a3e-4452-11f1-9aa8-eeee0a894443.travel_expense_app-srv#flowable-async-job-executor-thread-28853#
[PollStageAppStatusExecution] 1e9a20a1-f0d4-47be-8c16-07c93e1a57bb [2026-04-30T05:06:13.558774] Updated app with guid 1e9a20a1-f0d4-47be-8c16-07c93e1a57bb ({"lifecycle"=>{"data"=>{"buildpacks"=>["nodejs_buildpack"]}, "type"=>"buildpack"}}) (STDOUT, API)#
#2026 04 30 05:07:03.185#Z#DEBUG#48966a3e-4452-11f1-9aa8-eeee0a894443.travel_expense_app-srv#flowable-async-job-executor-thread-28853#
[PollStageAppStatusExecution] 1e9a20a1-f0d4-47be-8c16-07c93e1a57bb [2026-04-30T05:06:13.655783] Updating process: "web" (STDOUT, API)#
#2026 04 30 05:07:03.185#Z#DEBUG#48966a3e-4452-11f1-9aa8-eeee0a894443.travel_expense_app-srv#flowable-async-job-executor-thread-28853#
[PollStageAppStatusExecution] 1e9a20a1-f0d4-47be-8c16-07c93e1a57bb [2026-04-30T05:06:43.392138] Uploading app package for app with guid 1e9a20a1-f0d4-47be-8c16-07c93e1a57bb (STDOUT, API)#
#2026 04 30 05:07:03.185#Z#DEBUG#48966a3e-4452-11f1-9aa8-eeee0a894443.travel_expense_app-srv#flowable-async-job-executor-thread-28853#
[PollStageAppStatusExecution] 1e9a20a1-f0d4-47be-8c16-07c93e1a57bb [2026-04-30T05:06:43.592191] Updated app with guid 1e9a20a1-f0d4-47be-8c16-07c93e1a57bb ({"environment_variables"=>"[PRIVATE DATA HIDDEN]"}) (STDOUT, API)#
#2026 04 30 05:07:03.185#Z#DEBUG#48966a3e-4452-11f1-9aa8-eeee0a894443.travel_expense_app-srv#flowable-async-job-executor-thread-28853#
[PollStageAppStatusExecution] 1e9a20a1-f0d4-47be-8c16-07c93e1a57bb [2026-04-30T05:06:53.356309] Stopping app with guid 1e9a20a1-f0d4-47be-8c16-07c93e1a57bb (STDOUT, API)#
#2026 04 30 05:07:03.185#Z#DEBUG#48966a3e-4452-11f1-9aa8-eeee0a894443.travel_expense_app-srv#flowable-async-job-executor-thread-28853#
[PollStageAppStatusExecution] 1e9a20a1-f0d4-47be-8c16-07c93e1a57bb [2026-04-30T05:06:53.392118] Cell d1cc041a-d5a1-41d6-b9f6-6cda736ce3f0 stopping instance be8102e0-b180-468c-438f-dd8d (STDOUT, CELL)#
#2026 04 30 05:07:03.185#Z#DEBUG#48966a3e-4452-11f1-9aa8-eeee0a894443.travel_expense_app-srv#flowable-async-job-executor-thread-28853#
[PollStageAppStatusExecution] 1e9a20a1-f0d4-47be-8c16-07c93e1a57bb [2026-04-30T05:06:53.580437] Creating build for app with guid 1e9a20a1-f0d4-47be-8c16-07c93e1a57bb (STDOUT, API)#
#2026 04 30 05:07:03.185#Z#DEBUG#48966a3e-4452-11f1-9aa8-eeee0a894443.travel_expense_app-srv#flowable-async-job-executor-thread-28853#
[PollStageAppStatusExecution] 1e9a20a1-f0d4-47be-8c16-07c93e1a57bb [2026-04-30T05:06:54.030827] Downloading nodejs_buildpack... (STDOUT, STG)#
#2026 04 30 05:07:03.185#Z#DEBUG#48966a3e-4452-11f1-9aa8-eeee0a894443.travel_expense_app-srv#flowable-async-job-executor-thread-28853#
[PollStageAppStatusExecution] 1e9a20a1-f0d4-47be-8c16-07c93e1a57bb [2026-04-30T05:06:54.074595] Downloaded nodejs_buildpack (STDOUT, STG)#
#2026 04 30 05:07:03.185#Z#DEBUG#48966a3e-4452-11f1-9aa8-eeee0a894443.travel_expense_app-srv#flowable-async-job-executor-thread-28853#
[PollStageAppStatusExecution] 1e9a20a1-f0d4-47be-8c16-07c93e1a57bb [2026-04-30T05:06:54.074693] Cell 684caff8-89cd-492b-be01-b3d0835f1763 creating container for instance 5fa7d2aa-6720-4c18-a48d-54c61e29c717 (STDOUT, STG)#
#2026 04 30 05:07:03.185#Z#DEBUG#48966a3e-4452-11f1-9aa8-eeee0a894443.travel_expense_app-srv#flowable-async-job-executor-thread-28853#
[PollStageAppStatusExecution] 1e9a20a1-f0d4-47be-8c16-07c93e1a57bb [2026-04-30T05:06:54.777950] Security group rules were updated (STDOUT, STG)#
#2026 04 30 05:07:03.185#Z#DEBUG#48966a3e-4452-11f1-9aa8-eeee0a894443.travel_expense_app-srv#flowable-async-job-executor-thread-28853#
[PollStageAppStatusExecution] 1e9a20a1-f0d4-47be-8c16-07c93e1a57bb [2026-04-30T05:06:55.078562] Cell 684caff8-89cd-492b-be01-b3d0835f1763 successfully created container for instance 5fa7d2aa-6720-4c18-a48d-54c61e29c717 (STDOUT, STG)#
#2026 04 30 05:07:03.185#Z#DEBUG#48966a3e-4452-11f1-9aa8-eeee0a894443.travel_expense_app-srv#flowable-async-job-executor-thread-28853#
[PollStageAppStatusExecution] 1e9a20a1-f0d4-47be-8c16-07c93e1a57bb [2026-04-30T05:06:55.516420] Downloading app package... (STDOUT, STG)#
#2026 04 30 05:07:03.185#Z#DEBUG#48966a3e-4452-11f1-9aa8-eeee0a894443.travel_expense_app-srv#flowable-async-job-executor-thread-28853#
[PollStageAppStatusExecution] 1e9a20a1-f0d4-47be-8c16-07c93e1a57bb [2026-04-30T05:06:55.516563] Downloading build artifacts cache... (STDOUT, STG)#
#2026 04 30 05:07:03.185#Z#DEBUG#48966a3e-4452-11f1-9aa8-eeee0a894443.travel_expense_app-srv#flowable-async-job-executor-thread-28853#
[PollStageAppStatusExecution] 1e9a20a1-f0d4-47be-8c16-07c93e1a57bb [2026-04-30T05:06:55.601882] Downloaded build artifacts cache (221B) (STDOUT, STG)#
#2026 04 30 05:07:03.185#Z#DEBUG#48966a3e-4452-11f1-9aa8-eeee0a894443.travel_expense_app-srv#flowable-async-job-executor-thread-28853#
[PollStageAppStatusExecution] 1e9a20a1-f0d4-47be-8c16-07c93e1a57bb [2026-04-30T05:06:56.760902] Downloaded app package (8.3M) (STDOUT, STG)#
#2026 04 30 05:07:03.185#Z#DEBUG#48966a3e-4452-11f1-9aa8-eeee0a894443.travel_expense_app-srv#flowable-async-job-executor-thread-28853#
[PollStageAppStatusExecution] 1e9a20a1-f0d4-47be-8c16-07c93e1a57bb [2026-04-30T05:06:56.871924] -----> Nodejs Buildpack version 1.8.44 (STDOUT, STG)#
#2026 04 30 05:07:03.185#Z#DEBUG#48966a3e-4452-11f1-9aa8-eeee0a894443.travel_expense_app-srv#flowable-async-job-executor-thread-28853#
[PollStageAppStatusExecution] 1e9a20a1-f0d4-47be-8c16-07c93e1a57bb [2026-04-30T05:06:57.317434] -----> Bootstrapping python (STDOUT, STG)#
#2026 04 30 05:07:03.185#Z#DEBUG#48966a3e-4452-11f1-9aa8-eeee0a894443.travel_expense_app-srv#flowable-async-job-executor-thread-28853#
[PollStageAppStatusExecution] 1e9a20a1-f0d4-47be-8c16-07c93e1a57bb [2026-04-30T05:06:57.317528] -----> Installing python 3.11.14 (STDOUT, STG)#
#2026 04 30 05:07:03.185#Z#DEBUG#48966a3e-4452-11f1-9aa8-eeee0a894443.travel_expense_app-srv#flowable-async-job-executor-thread-28853#
[PollStageAppStatusExecution] 1e9a20a1-f0d4-47be-8c16-07c93e1a57bb [2026-04-30T05:06:57.317589] Copy [/tmp/buildpacks/978cee5ec9c58000/dependencies/b5e0345ae0ae1932e7d56fffaa49a487/python_3.11.14_linux_x64_cflinuxfs4_66f53248.tgz] (STDOUT, STG)#
#2026 04 30 05:07:03.185#Z#DEBUG#48966a3e-4452-11f1-9aa8-eeee0a894443.travel_expense_app-srv#flowable-async-job-executor-thread-28853#
[PollStageAppStatusExecution] 1e9a20a1-f0d4-47be-8c16-07c93e1a57bb [2026-04-30T05:07:01.793393] -----> Installing binaries (STDOUT, STG)#
#2026 04 30 05:07:03.185#Z#DEBUG#48966a3e-4452-11f1-9aa8-eeee0a894443.travel_expense_app-srv#flowable-async-job-executor-thread-28853#
[PollStageAppStatusExecution] 1e9a20a1-f0d4-47be-8c16-07c93e1a57bb [2026-04-30T05:07:01.793624] engines.node (package.json): >=20 (STDOUT, STG)#
#2026 04 30 05:07:03.185#Z#DEBUG#48966a3e-4452-11f1-9aa8-eeee0a894443.travel_expense_app-srv#flowable-async-job-executor-thread-28853#
[PollStageAppStatusExecution] 1e9a20a1-f0d4-47be-8c16-07c93e1a57bb [2026-04-30T05:07:01.793643] engines.npm (package.json): unspecified (use default) (STDOUT, STG)#
#2026 04 30 05:07:03.185#Z#DEBUG#48966a3e-4452-11f1-9aa8-eeee0a894443.travel_expense_app-srv#flowable-async-job-executor-thread-28853#
[PollStageAppStatusExecution] 1e9a20a1-f0d4-47be-8c16-07c93e1a57bb [2026-04-30T05:07:01.793649] [31;1m**WARNING**[0m Dangerous semver range (>) in engines.node. See: http://docs.cloudfoundry.org/buildpacks/node/node-tips.html (STDOUT, STG)#
#2026 04 30 05:07:03.185#Z#DEBUG#48966a3e-4452-11f1-9aa8-eeee0a894443.travel_expense_app-srv#flowable-async-job-executor-thread-28853#
[PollStageAppStatusExecution] 1e9a20a1-f0d4-47be-8c16-07c93e1a57bb [2026-04-30T05:07:01.793716] -----> Installing node 24.13.0 (STDOUT, STG)#
#2026 04 30 05:07:03.185#Z#DEBUG#48966a3e-4452-11f1-9aa8-eeee0a894443.travel_expense_app-srv#flowable-async-job-executor-thread-28853#
[PollStageAppStatusExecution] 1e9a20a1-f0d4-47be-8c16-07c93e1a57bb [2026-04-30T05:07:01.793874] Copy [/tmp/buildpacks/978cee5ec9c58000/dependencies/2f5692219fecc3eee6e6d507a6bfe7b9/node_24.13.0_linux_x64_cflinuxfs4_a816dee1.tgz] (STDOUT, STG)#
#2026 04 30 05:07:13.228#Z#DEBUG#48966a3e-4452-11f1-9aa8-eeee0a894443.travel_expense_app-srv#flowable-async-job-executor-thread-28867#
[PollStageAppStatusExecution] 1e9a20a1-f0d4-47be-8c16-07c93e1a57bb [2026-04-30T05:07:04.425174] Using default npm version: 11.6.2 (STDOUT, STG)#
#2026 04 30 05:07:13.228#Z#DEBUG#48966a3e-4452-11f1-9aa8-eeee0a894443.travel_expense_app-srv#flowable-async-job-executor-thread-28867#
[PollStageAppStatusExecution] 1e9a20a1-f0d4-47be-8c16-07c93e1a57bb [2026-04-30T05:07:04.425200] -----> Installing yarn 1.22.22 (STDOUT, STG)#
#2026 04 30 05:07:13.228#Z#DEBUG#48966a3e-4452-11f1-9aa8-eeee0a894443.travel_expense_app-srv#flowable-async-job-executor-thread-28867#
[PollStageAppStatusExecution] 1e9a20a1-f0d4-47be-8c16-07c93e1a57bb [2026-04-30T05:07:04.425378] Copy [/tmp/buildpacks/978cee5ec9c58000/dependencies/e3a39aedd1236924d69cc2d0637a8ed2/yarn_1.22.22_linux_noarch_any-stack_4911d0a6.tgz] (STDOUT, STG)#
#2026 04 30 05:07:13.228#Z#DEBUG#48966a3e-4452-11f1-9aa8-eeee0a894443.travel_expense_app-srv#flowable-async-job-executor-thread-28867#
[PollStageAppStatusExecution] 1e9a20a1-f0d4-47be-8c16-07c93e1a57bb [2026-04-30T05:07:04.832100] Installed yarn 1.22.22 (STDOUT, STG)#
#2026 04 30 05:07:13.228#Z#DEBUG#48966a3e-4452-11f1-9aa8-eeee0a894443.travel_expense_app-srv#flowable-async-job-executor-thread-28867#
[PollStageAppStatusExecution] 1e9a20a1-f0d4-47be-8c16-07c93e1a57bb [2026-04-30T05:07:04.832127] -----> Creating runtime environment (STDOUT, STG)#
#2026 04 30 05:07:13.228#Z#DEBUG#48966a3e-4452-11f1-9aa8-eeee0a894443.travel_expense_app-srv#flowable-async-job-executor-thread-28867#
[PollStageAppStatusExecution] 1e9a20a1-f0d4-47be-8c16-07c93e1a57bb [2026-04-30T05:07:04.834674] NODE_ENV=production (STDOUT, STG)#
#2026 04 30 05:07:13.228#Z#DEBUG#48966a3e-4452-11f1-9aa8-eeee0a894443.travel_expense_app-srv#flowable-async-job-executor-thread-28867#
[PollStageAppStatusExecution] 1e9a20a1-f0d4-47be-8c16-07c93e1a57bb [2026-04-30T05:07:04.834700] NODE_HOME=/tmp/contents925263072/deps/0/node (STDOUT, STG)#
#2026 04 30 05:07:13.228#Z#DEBUG#48966a3e-4452-11f1-9aa8-eeee0a894443.travel_expense_app-srv#flowable-async-job-executor-thread-28867#
[PollStageAppStatusExecution] 1e9a20a1-f0d4-47be-8c16-07c93e1a57bb [2026-04-30T05:07:04.834703] NODE_MODULES_CACHE=true (STDOUT, STG)#
#2026 04 30 05:07:13.228#Z#DEBUG#48966a3e-4452-11f1-9aa8-eeee0a894443.travel_expense_app-srv#flowable-async-job-executor-thread-28867#
[PollStageAppStatusExecution] 1e9a20a1-f0d4-47be-8c16-07c93e1a57bb [2026-04-30T05:07:04.834801] NODE_VERBOSE=false (STDOUT, STG)#
#2026 04 30 05:07:13.228#Z#DEBUG#48966a3e-4452-11f1-9aa8-eeee0a894443.travel_expense_app-srv#flowable-async-job-executor-thread-28867#
[PollStageAppStatusExecution] 1e9a20a1-f0d4-47be-8c16-07c93e1a57bb [2026-04-30T05:07:04.834813] NPM_CONFIG_LOGLEVEL=error (STDOUT, STG)#
#2026 04 30 05:07:13.228#Z#DEBUG#48966a3e-4452-11f1-9aa8-eeee0a894443.travel_expense_app-srv#flowable-async-job-executor-thread-28867#
[PollStageAppStatusExecution] 1e9a20a1-f0d4-47be-8c16-07c93e1a57bb [2026-04-30T05:07:04.834816] NPM_CONFIG_PRODUCTION=true (STDOUT, STG)#
#2026 04 30 05:07:13.228#Z#DEBUG#48966a3e-4452-11f1-9aa8-eeee0a894443.travel_expense_app-srv#flowable-async-job-executor-thread-28867#
[PollStageAppStatusExecution] 1e9a20a1-f0d4-47be-8c16-07c93e1a57bb [2026-04-30T05:07:04.835025] -----> Building dependencies (STDOUT, STG)#
#2026 04 30 05:07:13.228#Z#DEBUG#48966a3e-4452-11f1-9aa8-eeee0a894443.travel_expense_app-srv#flowable-async-job-executor-thread-28867#
[PollStageAppStatusExecution] 1e9a20a1-f0d4-47be-8c16-07c93e1a57bb [2026-04-30T05:07:04.835032] Prebuild detected (node_modules already exists) (STDOUT, STG)#
#2026 04 30 05:07:13.228#Z#DEBUG#48966a3e-4452-11f1-9aa8-eeee0a894443.travel_expense_app-srv#flowable-async-job-executor-thread-28867#
[PollStageAppStatusExecution] 1e9a20a1-f0d4-47be-8c16-07c93e1a57bb [2026-04-30T05:07:04.835132] Rebuilding any native modules (STDOUT, STG)#
#2026 04 30 05:07:13.228#Z#DEBUG#48966a3e-4452-11f1-9aa8-eeee0a894443.travel_expense_app-srv#flowable-async-job-executor-thread-28867#
[PollStageAppStatusExecution] 1e9a20a1-f0d4-47be-8c16-07c93e1a57bb [2026-04-30T05:07:05.932659] rebuilt dependencies successfully (STDOUT, STG)#
#2026 04 30 05:07:13.228#Z#DEBUG#48966a3e-4452-11f1-9aa8-eeee0a894443.travel_expense_app-srv#flowable-async-job-executor-thread-28867#
[PollStageAppStatusExecution] 1e9a20a1-f0d4-47be-8c16-07c93e1a57bb [2026-04-30T05:07:05.934498] npm notice (STDOUT, STG)#
#2026 04 30 05:07:13.228#Z#DEBUG#48966a3e-4452-11f1-9aa8-eeee0a894443.travel_expense_app-srv#flowable-async-job-executor-thread-28867#
[PollStageAppStatusExecution] 1e9a20a1-f0d4-47be-8c16-07c93e1a57bb [2026-04-30T05:07:05.934516] npm notice New minor version of npm available! 11.6.2 -> 11.13.0 (STDOUT, STG)#
#2026 04 30 05:07:13.228#Z#DEBUG#48966a3e-4452-11f1-9aa8-eeee0a894443.travel_expense_app-srv#flowable-async-job-executor-thread-28867#
[PollStageAppStatusExecution] 1e9a20a1-f0d4-47be-8c16-07c93e1a57bb [2026-04-30T05:07:05.934520] npm notice Changelog: https://github.com/npm/cli/releases/tag/v11.13.0 (STDOUT, STG)#
#2026 04 30 05:07:13.228#Z#DEBUG#48966a3e-4452-11f1-9aa8-eeee0a894443.travel_expense_app-srv#flowable-async-job-executor-thread-28867#
[PollStageAppStatusExecution] 1e9a20a1-f0d4-47be-8c16-07c93e1a57bb [2026-04-30T05:07:05.934522] npm notice To update run: npm install -g npm@11.13.0 (STDOUT, STG)#
#2026 04 30 05:07:13.228#Z#DEBUG#48966a3e-4452-11f1-9aa8-eeee0a894443.travel_expense_app-srv#flowable-async-job-executor-thread-28867#
[PollStageAppStatusExecution] 1e9a20a1-f0d4-47be-8c16-07c93e1a57bb [2026-04-30T05:07:05.934525] npm notice (STDOUT, STG)#
#2026 04 30 05:07:13.228#Z#DEBUG#48966a3e-4452-11f1-9aa8-eeee0a894443.travel_expense_app-srv#flowable-async-job-executor-thread-28867#
[PollStageAppStatusExecution] 1e9a20a1-f0d4-47be-8c16-07c93e1a57bb [2026-04-30T05:07:06.004912] Installing any new modules (package.json + package-lock.json) (STDOUT, STG)#
#2026 04 30 05:07:13.228#Z#DEBUG#48966a3e-4452-11f1-9aa8-eeee0a894443.travel_expense_app-srv#flowable-async-job-executor-thread-28867#
[PollStageAppStatusExecution] 1e9a20a1-f0d4-47be-8c16-07c93e1a57bb [2026-04-30T05:07:06.738591] removed 1 package in 657ms (STDOUT, STG)#
#2026 04 30 05:07:13.228#Z#DEBUG#48966a3e-4452-11f1-9aa8-eeee0a894443.travel_expense_app-srv#flowable-async-job-executor-thread-28867#
[PollStageAppStatusExecution] 1e9a20a1-f0d4-47be-8c16-07c93e1a57bb [2026-04-30T05:07:06.738984] 34 packages are looking for funding (STDOUT, STG)#
#2026 04 30 05:07:13.228#Z#DEBUG#48966a3e-4452-11f1-9aa8-eeee0a894443.travel_expense_app-srv#flowable-async-job-executor-thread-28867#
[PollStageAppStatusExecution] 1e9a20a1-f0d4-47be-8c16-07c93e1a57bb [2026-04-30T05:07:06.739059] run `npm fund` for details (STDOUT, STG)#
#2026 04 30 05:07:13.228#Z#DEBUG#48966a3e-4452-11f1-9aa8-eeee0a894443.travel_expense_app-srv#flowable-async-job-executor-thread-28867#
[PollStageAppStatusExecution] 1e9a20a1-f0d4-47be-8c16-07c93e1a57bb [2026-04-30T05:07:07.659337] Contrast Security no credentials found. Will not write environment files. (STDOUT, STG)#
#2026 04 30 05:07:23.252#Z#DEBUG#48966a3e-4452-11f1-9aa8-eeee0a894443.travel_expense_app-srv#flowable-async-job-executor-thread-28870#
[PollStageAppStatusExecution] 1e9a20a1-f0d4-47be-8c16-07c93e1a57bb [2026-04-30T05:07:18.185629] Exit status 0 (STDOUT, STG)#
#2026 04 30 05:07:23.252#Z#DEBUG#48966a3e-4452-11f1-9aa8-eeee0a894443.travel_expense_app-srv#flowable-async-job-executor-thread-28870#
[PollStageAppStatusExecution] 1e9a20a1-f0d4-47be-8c16-07c93e1a57bb [2026-04-30T05:07:18.185672] Uploading droplet, build artifacts cache... (STDOUT, STG)#
#2026 04 30 05:07:23.252#Z#DEBUG#48966a3e-4452-11f1-9aa8-eeee0a894443.travel_expense_app-srv#flowable-async-job-executor-thread-28870#
[PollStageAppStatusExecution] 1e9a20a1-f0d4-47be-8c16-07c93e1a57bb [2026-04-30T05:07:18.185708] Uploading droplet... (STDOUT, STG)#
#2026 04 30 05:07:23.252#Z#DEBUG#48966a3e-4452-11f1-9aa8-eeee0a894443.travel_expense_app-srv#flowable-async-job-executor-thread-28870#
[PollStageAppStatusExecution] 1e9a20a1-f0d4-47be-8c16-07c93e1a57bb [2026-04-30T05:07:18.186067] Uploading build artifacts cache... (STDOUT, STG)#
#2026 04 30 05:07:23.252#Z#DEBUG#48966a3e-4452-11f1-9aa8-eeee0a894443.travel_expense_app-srv#flowable-async-job-executor-thread-28870#
[PollStageAppStatusExecution] 1e9a20a1-f0d4-47be-8c16-07c93e1a57bb [2026-04-30T05:07:18.207126] Uploaded build artifacts cache (228B) (STDOUT, STG)#
#2026 04 30 05:07:23.252#Z#DEBUG#48966a3e-4452-11f1-9aa8-eeee0a894443.travel_expense_app-srv#flowable-async-job-executor-thread-28870#
[PollStageAppStatusExecution] 1e9a20a1-f0d4-47be-8c16-07c93e1a57bb [2026-04-30T05:07:19.014777] Creating droplet for app with guid 1e9a20a1-f0d4-47be-8c16-07c93e1a57bb (STDOUT, API)#
#2026 04 30 05:07:23.252#Z#DEBUG#48966a3e-4452-11f1-9aa8-eeee0a894443.travel_expense_app-srv#flowable-async-job-executor-thread-28870#
[PollStageAppStatusExecution] 1e9a20a1-f0d4-47be-8c16-07c93e1a57bb [2026-04-30T05:07:23.081982] Uploaded droplet (63.1M) (STDOUT, STG)#
#2026 04 30 05:07:23.252#Z#DEBUG#48966a3e-4452-11f1-9aa8-eeee0a894443.travel_expense_app-srv#flowable-async-job-executor-thread-28870#
[PollStageAppStatusExecution] 1e9a20a1-f0d4-47be-8c16-07c93e1a57bb [2026-04-30T05:07:23.103293] Uploading complete (STDOUT, STG)#
#2026 04 30 05:07:33.328#Z#DEBUG#48966a3e-4452-11f1-9aa8-eeee0a894443.travel_expense_app-srv#flowable-async-job-executor-thread-28883#
[PollStageAppStatusExecution] 1e9a20a1-f0d4-47be-8c16-07c93e1a57bb [2026-04-30T05:07:24.590780] Cell 684caff8-89cd-492b-be01-b3d0835f1763 stopping instance 5fa7d2aa-6720-4c18-a48d-54c61e29c717 (STDOUT, STG)#
#2026 04 30 05:07:33.328#Z#DEBUG#48966a3e-4452-11f1-9aa8-eeee0a894443.travel_expense_app-srv#flowable-async-job-executor-thread-28883#
[PollStageAppStatusExecution] 1e9a20a1-f0d4-47be-8c16-07c93e1a57bb [2026-04-30T05:07:24.590817] Cell 684caff8-89cd-492b-be01-b3d0835f1763 destroying container for instance 5fa7d2aa-6720-4c18-a48d-54c61e29c717 (STDOUT, STG)#
#2026 04 30 05:07:33.328#Z#DEBUG#48966a3e-4452-11f1-9aa8-eeee0a894443.travel_expense_app-srv#flowable-async-job-executor-thread-28883#
[PollStageAppStatusExecution] 1e9a20a1-f0d4-47be-8c16-07c93e1a57bb [2026-04-30T05:07:24.642450] Staging complete for build 5fa7d2aa-6720-4c18-a48d-54c61e29c717 (STDOUT, API)#
#2026 04 30 05:07:33.328#Z#DEBUG#48966a3e-4452-11f1-9aa8-eeee0a894443.travel_expense_app-srv#flowable-async-job-executor-thread-28883#
[PollStageAppStatusExecution] 1e9a20a1-f0d4-47be-8c16-07c93e1a57bb [2026-04-30T05:07:27.575078] Cell 684caff8-89cd-492b-be01-b3d0835f1763 successfully destroyed container for instance 5fa7d2aa-6720-4c18-a48d-54c61e29c717 (STDOUT, STG)#
#2026 04 30 05:07:43.357#Z#DEBUG#48966a3e-4452-11f1-9aa8-eeee0a894443.travel_expense_app-srv#flowable-async-job-executor-thread-28885#
[PollStartAppStatusExecution] 1e9a20a1-f0d4-47be-8c16-07c93e1a57bb [2026-04-30T05:07:33.411804] Updated app with guid 1e9a20a1-f0d4-47be-8c16-07c93e1a57bb ({:droplet_guid=>"cc7cb87c-5ac4-4052-bccf-2ba559f869ce"}) (STDOUT, API)#
#2026 04 30 05:07:43.357#Z#DEBUG#48966a3e-4452-11f1-9aa8-eeee0a894443.travel_expense_app-srv#flowable-async-job-executor-thread-28885#
[PollStartAppStatusExecution] 1e9a20a1-f0d4-47be-8c16-07c93e1a57bb [2026-04-30T05:07:33.597421] Creating revision for app with guid 1e9a20a1-f0d4-47be-8c16-07c93e1a57bb (STDOUT, API)#
#2026 04 30 05:07:43.357#Z#DEBUG#48966a3e-4452-11f1-9aa8-eeee0a894443.travel_expense_app-srv#flowable-async-job-executor-thread-28885#
[PollStartAppStatusExecution] 1e9a20a1-f0d4-47be-8c16-07c93e1a57bb [2026-04-30T05:07:33.640769] Starting app with guid 1e9a20a1-f0d4-47be-8c16-07c93e1a57bb (STDOUT, API)#
#2026 04 30 05:07:43.357#Z#DEBUG#48966a3e-4452-11f1-9aa8-eeee0a894443.travel_expense_app-srv#flowable-async-job-executor-thread-28885#
[PollStartAppStatusExecution] 1e9a20a1-f0d4-47be-8c16-07c93e1a57bb [2026-04-30T05:07:33.962054] Cell 684caff8-89cd-492b-be01-b3d0835f1763 creating container for instance c89db61b-0376-445f-5df0-056c (STDOUT, CELL)#
#2026 04 30 05:07:43.357#Z#DEBUG#48966a3e-4452-11f1-9aa8-eeee0a894443.travel_expense_app-srv#flowable-async-job-executor-thread-28885#
[PollStartAppStatusExecution] 1e9a20a1-f0d4-47be-8c16-07c93e1a57bb [2026-04-30T05:07:34.704621] Security group rules were updated (STDOUT, CELL)#
#2026 04 30 05:07:43.357#Z#DEBUG#48966a3e-4452-11f1-9aa8-eeee0a894443.travel_expense_app-srv#flowable-async-job-executor-thread-28885#
[PollStartAppStatusExecution] 1e9a20a1-f0d4-47be-8c16-07c93e1a57bb [2026-04-30T05:07:35.231965] Cell 684caff8-89cd-492b-be01-b3d0835f1763 successfully created container for instance c89db61b-0376-445f-5df0-056c (STDOUT, CELL)#
#2026 04 30 05:07:43.357#Z#DEBUG#48966a3e-4452-11f1-9aa8-eeee0a894443.travel_expense_app-srv#flowable-async-job-executor-thread-28885#
[PollStartAppStatusExecution] 1e9a20a1-f0d4-47be-8c16-07c93e1a57bb [2026-04-30T05:07:36.115974] Downloading droplet... (STDOUT, CELL)#
#2026 04 30 05:07:43.357#Z#DEBUG#48966a3e-4452-11f1-9aa8-eeee0a894443.travel_expense_app-srv#flowable-async-job-executor-thread-28885#
[PollStartAppStatusExecution] 1e9a20a1-f0d4-47be-8c16-07c93e1a57bb [2026-04-30T05:07:40.405112] Downloaded droplet (63.1M) (STDOUT, CELL)#
#2026 04 30 05:07:43.357#Z#DEBUG#48966a3e-4452-11f1-9aa8-eeee0a894443.travel_expense_app-srv#flowable-async-job-executor-thread-28885#
[PollStartAppStatusExecution] 1e9a20a1-f0d4-47be-8c16-07c93e1a57bb [2026-04-30T05:07:40.405302] Starting health monitoring of container (STDOUT, CELL)#
#2026 04 30 05:07:43.357#Z#DEBUG#48966a3e-4452-11f1-9aa8-eeee0a894443.travel_expense_app-srv#flowable-async-job-executor-thread-28885#
[PollStartAppStatusExecution] 1e9a20a1-f0d4-47be-8c16-07c93e1a57bb [2026-04-30T05:07:40.527389] Invoking pre-start scripts. (STDOUT, APP/PROC/WEB)#
#2026 04 30 05:07:43.357#Z#DEBUG#48966a3e-4452-11f1-9aa8-eeee0a894443.travel_expense_app-srv#flowable-async-job-executor-thread-28885#
[PollStartAppStatusExecution] 1e9a20a1-f0d4-47be-8c16-07c93e1a57bb [2026-04-30T05:07:40.740281] Invoking start command. (STDOUT, APP/PROC/WEB)#
#2026 04 30 05:07:43.357#Z#DEBUG#48966a3e-4452-11f1-9aa8-eeee0a894443.travel_expense_app-srv#flowable-async-job-executor-thread-28885#
[PollStartAppStatusExecution] 1e9a20a1-f0d4-47be-8c16-07c93e1a57bb [2026-04-30T05:07:41.171496] > travel_expense_app@1.0.0 start (STDOUT, APP/PROC/WEB)#
#2026 04 30 05:07:43.357#Z#DEBUG#48966a3e-4452-11f1-9aa8-eeee0a894443.travel_expense_app-srv#flowable-async-job-executor-thread-28885#
[PollStartAppStatusExecution] 1e9a20a1-f0d4-47be-8c16-07c93e1a57bb [2026-04-30T05:07:41.171521] > cds-serve (STDOUT, APP/PROC/WEB)#
#2026 04 30 05:07:43.357#Z#DEBUG#48966a3e-4452-11f1-9aa8-eeee0a894443.travel_expense_app-srv#flowable-async-job-executor-thread-28885#
[PollStartAppStatusExecution] 1e9a20a1-f0d4-47be-8c16-07c93e1a57bb [2026-04-30T05:07:41.543579] {"level":"info","logger":"cds","timestamp":"2026-04-30T05:07:41.541Z","layer":"cds","component_type":"application","container_id":"10.32.1.6","component_id":"1e9a20a1-f0d4-47be-8c16-07c93e1a57bb","component_name":"travel_expense_app-srv","component_instance":0,"source_instance":0,"organization_name":"bc857718trial","organization_id":"a60e8087-87c3-481b-a9dc-503c803f5b82","space_name":"dev","space_id":"b3040adf-9a0c-491b-b2f3-ae2e732cc19f","msg":"loaded model from 1 file(s):\n ","type":"log"} (STDOUT, APP/PROC/WEB)#
#2026 04 30 05:07:43.357#Z#DEBUG#48966a3e-4452-11f1-9aa8-eeee0a894443.travel_expense_app-srv#flowable-async-job-executor-thread-28885#
[PollStartAppStatusExecution] 1e9a20a1-f0d4-47be-8c16-07c93e1a57bb [2026-04-30T05:07:41.544066] srv/csn.json (STDOUT, APP/PROC/WEB)#
#2026 04 30 05:07:43.357#Z#DEBUG#48966a3e-4452-11f1-9aa8-eeee0a894443.travel_expense_app-srv#flowable-async-job-executor-thread-28885#
[PollStartAppStatusExecution] 1e9a20a1-f0d4-47be-8c16-07c93e1a57bb [2026-04-30T05:07:41.862317] {"level":"info","logger":"cds","timestamp":"2026-04-30T05:07:41.861Z","layer":"cds","component_type":"application","container_id":"10.32.1.6","component_id":"1e9a20a1-f0d4-47be-8c16-07c93e1a57bb","component_name":"travel_expense_app-srv","component_instance":0,"source_instance":0,"organization_name":"bc857718trial","organization_id":"a60e8087-87c3-481b-a9dc-503c803f5b82","space_name":"dev","space_id":"b3040adf-9a0c-491b-b2f3-ae2e732cc19f","msg":"connect to db > hana {\n  database_id: '17ee54c1-bd6c-4395-9759-7b5bde0705db',\n  host: '17ee54c1-bd6c-4395-9759-7b5bde0705db.hna1.prod-us10.hanacloud.ondemand.com',\n  port: '443',\n  driver: 'com.sap.db.jdbc.Driver',\n  url: 'jdbc:sap://17ee54c1-bd6c-4395-9759-7b5bde0705db.hna1.prod-us10.hanacloud.ondemand.com:443?encrypt=true&validateCertificate=true&currentschema=2DBFD860B08D4DE4A841B505A696C578',\n  schema: '2DBFD860B08D4DE4A841B505A696C578',\n  certificate: '...',\n  hdi_user: '2DBFD860B08D4DE4A841B505A696C578_93JXUVA4YWMW9QDABMZ8YRQIJ_DT',\n  hdi_password: '...',\n  user: '2DBFD860B08D4DE4A841B505A696C578_93JXUVA4YWMW9QDABMZ8YRQIJ_RT',\n  password: '...'\n}","type":"log"} (STDOUT, APP/PROC/WEB)#
#2026 04 30 05:07:43.357#Z#DEBUG#48966a3e-4452-11f1-9aa8-eeee0a894443.travel_expense_app-srv#flowable-async-job-executor-thread-28885#
[PollStartAppStatusExecution] 1e9a20a1-f0d4-47be-8c16-07c93e1a57bb [2026-04-30T05:07:41.871479] {"level":"warn","logger":"cds","timestamp":"2026-04-30T05:07:41.870Z","layer":"cds","component_type":"application","container_id":"10.32.1.6","component_id":"1e9a20a1-f0d4-47be-8c16-07c93e1a57bb","component_name":"travel_expense_app-srv","component_instance":0,"source_instance":0,"organization_name":"bc857718trial","organization_id":"a60e8087-87c3-481b-a9dc-503c803f5b82","space_name":"dev","space_id":"b3040adf-9a0c-491b-b2f3-ae2e732cc19f","msg":"WARNING: custom action 'reject()' conflicts with method in base class.\n\n      Cannot add typed method for custom action 'reject' to service impl of 'Travel_Expense_Service',\n      as this would shadow equally named method in service base class 'ApplicationService'.\n      Consider choosing a different name for your custom action.\n      Learn more at https://cap.cloud.sap/docs/guides/providing-services#actions-and-functions.\n    ","type":"log"} (STDERR, APP/PROC/WEB)#
#2026 04 30 05:07:43.357#Z#DEBUG#48966a3e-4452-11f1-9aa8-eeee0a894443.travel_expense_app-srv#flowable-async-job-executor-thread-28885#
[PollStartAppStatusExecution] 1e9a20a1-f0d4-47be-8c16-07c93e1a57bb [2026-04-30T05:07:41.901769] {"level":"info","logger":"cds","timestamp":"2026-04-30T05:07:41.901Z","layer":"cds","component_type":"application","container_id":"10.32.1.6","component_id":"1e9a20a1-f0d4-47be-8c16-07c93e1a57bb","component_name":"travel_expense_app-srv","component_instance":0,"source_instance":0,"organization_name":"bc857718trial","organization_id":"a60e8087-87c3-481b-a9dc-503c803f5b82","space_name":"dev","space_id":"b3040adf-9a0c-491b-b2f3-ae2e732cc19f","msg":"using auth strategy { kind: 'dummy' }","type":"log"} (STDOUT, APP/PROC/WEB)#
#2026 04 30 05:07:43.357#Z#DEBUG#48966a3e-4452-11f1-9aa8-eeee0a894443.travel_expense_app-srv#flowable-async-job-executor-thread-28885#
[PollStartAppStatusExecution] 1e9a20a1-f0d4-47be-8c16-07c93e1a57bb [2026-04-30T05:07:41.930719] {"level":"info","logger":"cds","timestamp":"2026-04-30T05:07:41.930Z","layer":"cds","component_type":"application","container_id":"10.32.1.6","component_id":"1e9a20a1-f0d4-47be-8c16-07c93e1a57bb","component_name":"travel_expense_app-srv","component_instance":0,"source_instance":0,"organization_name":"bc857718trial","organization_id":"a60e8087-87c3-481b-a9dc-503c803f5b82","space_name":"dev","space_id":"b3040adf-9a0c-491b-b2f3-ae2e732cc19f","msg":"serving Travel_Expense_Service {\n  at: [ '/odata/v4/travel-expense-' ],\n  decl: 'srv/csn.json:567',\n  impl: 'srv/service.js'\n}","type":"log"} (STDOUT, APP/PROC/WEB)#
#2026 04 30 05:07:43.357#Z#DEBUG#48966a3e-4452-11f1-9aa8-eeee0a894443.travel_expense_app-srv#flowable-async-job-executor-thread-28885#
[PollStartAppStatusExecution] 1e9a20a1-f0d4-47be-8c16-07c93e1a57bb [2026-04-30T05:07:41.939702] {"level":"info","logger":"cds","timestamp":"2026-04-30T05:07:41.939Z","layer":"cds","component_type":"application","container_id":"10.32.1.6","component_id":"1e9a20a1-f0d4-47be-8c16-07c93e1a57bb","component_name":"travel_expense_app-srv","component_instance":0,"source_instance":0,"organization_name":"bc857718trial","organization_id":"a60e8087-87c3-481b-a9dc-503c803f5b82","space_name":"dev","space_id":"b3040adf-9a0c-491b-b2f3-ae2e732cc19f","msg":"server listening on { url: 'http://localhost:8080' }","type":"log"} (STDOUT, APP/PROC/WEB)#
#2026 04 30 05:07:43.357#Z#DEBUG#48966a3e-4452-11f1-9aa8-eeee0a894443.travel_expense_app-srv#flowable-async-job-executor-thread-28885#
[PollStartAppStatusExecution] 1e9a20a1-f0d4-47be-8c16-07c93e1a57bb [2026-04-30T05:07:41.940985] {"level":"info","logger":"cds","timestamp":"2026-04-30T05:07:41.940Z","layer":"cds","component_type":"application","container_id":"10.32.1.6","component_id":"1e9a20a1-f0d4-47be-8c16-07c93e1a57bb","component_name":"travel_expense_app-srv","component_instance":0,"source_instance":0,"organization_name":"bc857718trial","organization_id":"a60e8087-87c3-481b-a9dc-503c803f5b82","space_name":"dev","space_id":"b3040adf-9a0c-491b-b2f3-ae2e732cc19f","msg":"server v9.9.1 launched in 757 ms","type":"log"} (STDOUT, APP/PROC/WEB)#
#2026 04 30 05:07:53.353#Z#DEBUG#48966a3e-4452-11f1-9aa8-eeee0a894443.travel_expense_app-srv#flowable-async-job-executor-thread-28893#
[PollStartAppStatusExecution] 1e9a20a1-f0d4-47be-8c16-07c93e1a57bb [2026-04-30T05:07:43.366426] Container became healthy (STDOUT, CELL)#
#2026 04 30 05:07:53.353#Z#DEBUG#48966a3e-4452-11f1-9aa8-eeee0a894443.travel_expense_app-srv#flowable-async-job-executor-thread-28893#
[PollStartAppStatusExecution] 1e9a20a1-f0d4-47be-8c16-07c93e1a57bb [2026-04-30T05:07:43.393256] Process became ready with guid 1e9a20a1-f0d4-47be-8c16-07c93e1a57bb payload: {"instance"=>"c89db61b-0376-445f-5df0-056c", "index"=>0, "cell_id"=>"684caff8-89cd-492b-be01-b3d0835f1763", "ready"=>true, "version"=>"9125e22f-aa9c-4e4f-955b-97c3f586dd2f"} (STDOUT, API)#
